<?xml version="1.0" encoding="UTF-8"?>
<!-- Generated by org.testng.reporters.JUnitReportReporter -->
<testsuite hostname="HASSEN-HP" failures="0" tests="1" name="com.extentreports.tests.ExtentReportDemo" time="17.707" errors="0" timestamp="2022-09-07T18:28:53 EDT" skipped="0">
  <testcase classname="com.extentreports.tests.ExtentReportDemo" name="extentTest" time="17.707"/>
  <system-out/>
</testsuite> <!-- com.extentreports.tests.ExtentReportDemo -->
