<?xml version="1.0" encoding="UTF-8"?>
<!-- Generated by org.testng.reporters.JUnitReportReporter -->
<testsuite hostname="HASSEN-HP" failures="0" tests="1" name="com.extentreports.tests.ExtentReportViewOrder" time="2.723" errors="0" timestamp="2022-09-06T22:46:47 EDT" skipped="0">
  <testcase classname="com.extentreports.tests.ExtentReportViewOrder" name="extentTest" time="2.723"/>
  <system-out/>
</testsuite> <!-- com.extentreports.tests.ExtentReportViewOrder -->
