<?xml version="1.0" encoding="UTF-8"?>
<!-- Generated by org.testng.reporters.JUnitReportReporter -->
<testsuite hostname="HASSEN-HP" failures="0" tests="1" name="com.extentreports.tests.ExtentReportDemo4" time="2.925" errors="0" timestamp="2022-09-06T22:39:23 EDT" skipped="0">
  <testcase classname="com.extentreports.tests.ExtentReportDemo4" name="extentTest" time="2.925"/>
  <system-out/>
</testsuite> <!-- com.extentreports.tests.ExtentReportDemo4 -->
