<?xml version="1.0" encoding="UTF-8"?>
<!-- Generated by org.testng.reporters.JUnitReportReporter -->
<testsuite hostname="HASSEN-HP" failures="0" tests="1" name="com.extentreports.tests.AttachLogo" time="3.590" errors="0" timestamp="2022-09-07T12:20:26 EDT" skipped="0">
  <testcase classname="com.extentreports.tests.AttachLogo" name="attachLogoTest" time="3.590"/>
  <system-out/>
</testsuite> <!-- com.extentreports.tests.AttachLogo -->
