<?xml version="1.0" encoding="UTF-8"?>
<!-- Generated by org.testng.reporters.JUnitReportReporter -->
<testsuite hostname="HASSEN-HP" failures="0" tests="1" name="com.extentreports.tests.ExtentReport" time="3.180" errors="0" timestamp="2022-09-06T22:23:24 EDT" skipped="0">
  <testcase classname="com.extentreports.tests.ExtentReport" name="extentTest" time="3.180"/>
  <system-out/>
</testsuite> <!-- com.extentreports.tests.ExtentReport -->
