<?xml version="1.0" encoding="UTF-8"?>
<!-- Generated by org.testng.reporters.JUnitReportReporter -->
<testsuite hostname="HASSEN-HP" failures="0" tests="1" name="com.extentreports.tests.ExtentReportNew" time="8.721" errors="0" timestamp="2022-09-06T21:37:01 EDT" skipped="0">
  <testcase classname="com.extentreports.tests.ExtentReportNew" name="extentTest" time="8.721"/>
  <system-out/>
</testsuite> <!-- com.extentreports.tests.ExtentReportNew -->
